<?xml version="1.0" encoding="UTF-8"?>
<testsuite xmlns:xsi="http://www.w3.org/2001/XMLSchema-instance" xsi:noNamespaceSchemaLocation="https://maven.apache.org/surefire/maven-surefire-plugin/xsd/surefire-test-report-3.0.xsd" version="3.0" name="org.sangnk.gatewayservice.GatewayServiceApplicationTests" time="4.53" tests="1" errors="0" skipped="0" failures="0">
  <properties>
[...]
</properties>
  <testcase name="contextLoads" classname="org.sangnk.gatewayservice.GatewayServiceApplicationTests" time="0.489">
    <system-out><![CDATA[
  .   ____          _            __ _ _
 /\\ / ___'_ __ _ _(_)_ __  __ _ \ \ \ \
( ( )\___ | '_ | '_| | '_ \/ _` | \ \ \ \
 \\/  ___)| |_)| | | | | || (_| |  ) ) ) )
  '  |____| .__|_| |_|_| |_\__, | / / / /
 =========|_|==============|___/=/_/_/_/

 :: Spring Boot ::                (v3.3.3)

2024-11-13T14:34:17.135+07:00  INFO 34380 --- [gateway-service] [           main] c.c.c.ConfigServicePropertySourceLocator : Fetching config from server at : http://localhost:8888
2024-11-13T14:34:17.223+07:00  INFO 34380 --- [gateway-service] [           main] c.c.c.ConfigServicePropertySourceLocator : Exception on Url - http://localhost:8888:org.springframework.web.client.ResourceAccessException: I/O error on GET request for "http://localhost:8888/gateway-service/default": Connection refused: no further information. Will be trying the next url if available
2024-11-13T14:34:17.223+07:00  WARN 34380 --- [gateway-service] [           main] c.c.c.ConfigServicePropertySourceLocator : Could not locate PropertySource: I/O error on GET request for "http://localhost:8888/gateway-service/default": Connection refused: no further information
2024-11-13T14:34:17.233+07:00  INFO 34380 --- [gateway-service] [           main] o.s.g.GatewayServiceApplicationTests     : No active profile set, falling back to 1 default profile: "default"
2024-11-13T14:34:17.775+07:00  INFO 34380 --- [gateway-service] [           main] .s.d.r.c.RepositoryConfigurationDelegate : Multiple Spring Data modules found, entering strict repository configuration mode
2024-11-13T14:34:17.778+07:00  INFO 34380 --- [gateway-service] [           main] .s.d.r.c.RepositoryConfigurationDelegate : Bootstrapping Spring Data Redis repositories in DEFAULT mode.
2024-11-13T14:34:17.794+07:00  INFO 34380 --- [gateway-service] [           main] .s.d.r.c.RepositoryConfigurationDelegate : Finished Spring Data repository scanning in 4 ms. Found 0 Redis repository interfaces.
2024-11-13T14:34:17.947+07:00  INFO 34380 --- [gateway-service] [           main] o.s.c.c.s.GenericScope                   : BeanFactory id=f35000ac-c229-325f-9bd7-621e09db75db
2024-11-13T14:34:17.999+07:00  WARN 34380 --- [gateway-service] [           main] trationDelegate$BeanPostProcessorChecker : Bean 'org.springframework.cloud.client.loadbalancer.LoadBalancerAutoConfiguration$DeferringLoadBalancerInterceptorConfig' of type [org.springframework.cloud.client.loadbalancer.LoadBalancerAutoConfiguration$DeferringLoadBalancerInterceptorConfig] is not eligible for getting processed by all BeanPostProcessors (for example: not eligible for auto-proxying). The currently created BeanPostProcessor [lbRestClientPostProcessor] is declared through a non-static factory method on that class; consider declaring it as static instead.
2024-11-13T14:34:18.001+07:00  WARN 34380 --- [gateway-service] [           main] trationDelegate$BeanPostProcessorChecker : Bean 'deferringLoadBalancerInterceptor' of type [org.springframework.cloud.client.loadbalancer.DeferringLoadBalancerInterceptor] is not eligible for getting processed by all BeanPostProcessors (for example: not eligible for auto-proxying). Is this bean getting eagerly injected into a currently created BeanPostProcessor [lbRestClientPostProcessor]? Check the corresponding BeanPostProcessor declaration and its dependencies.
2024-11-13T14:34:18.002+07:00  WARN 34380 --- [gateway-service] [           main] trationDelegate$BeanPostProcessorChecker : Bean 'org.springframework.cloud.client.loadbalancer.reactive.LoadBalancerBeanPostProcessorAutoConfiguration' of type [org.springframework.cloud.client.loadbalancer.reactive.LoadBalancerBeanPostProcessorAutoConfiguration] is not eligible for getting processed by all BeanPostProcessors (for example: not eligible for auto-proxying). The currently created BeanPostProcessor [loadBalancerWebClientBuilderBeanPostProcessor] is declared through a non-static factory method on that class; consider declaring it as static instead.
2024-11-13T14:34:18.002+07:00  WARN 34380 --- [gateway-service] [           main] trationDelegate$BeanPostProcessorChecker : Bean 'org.springframework.cloud.client.loadbalancer.reactive.LoadBalancerBeanPostProcessorAutoConfiguration$ReactorDeferringLoadBalancerFilterConfig' of type [org.springframework.cloud.client.loadbalancer.reactive.LoadBalancerBeanPostProcessorAutoConfiguration$ReactorDeferringLoadBalancerFilterConfig] is not eligible for getting processed by all BeanPostProcessors (for example: not eligible for auto-proxying). Is this bean getting eagerly injected into a currently created BeanPostProcessor [loadBalancerWebClientBuilderBeanPostProcessor]? Check the corresponding BeanPostProcessor declaration and its dependencies.
2024-11-13T14:34:18.003+07:00  WARN 34380 --- [gateway-service] [           main] trationDelegate$BeanPostProcessorChecker : Bean 'reactorDeferringLoadBalancerExchangeFilterFunction' of type [org.springframework.cloud.client.loadbalancer.reactive.DeferringLoadBalancerExchangeFilterFunction] is not eligible for getting processed by all BeanPostProcessors (for example: not eligible for auto-proxying). Is this bean getting eagerly injected into a currently created BeanPostProcessor [loadBalancerWebClientBuilderBeanPostProcessor]? Check the corresponding BeanPostProcessor declaration and its dependencies.
2024-11-13T14:34:19.111+07:00  INFO 34380 --- [gateway-service] [           main] o.s.c.g.r.RouteDefinitionRouteLocator    : Loaded RoutePredicateFactory [After]
2024-11-13T14:34:19.111+07:00  INFO 34380 --- [gateway-service] [           main] o.s.c.g.r.RouteDefinitionRouteLocator    : Loaded RoutePredicateFactory [Before]
2024-11-13T14:34:19.111+07:00  INFO 34380 --- [gateway-service] [           main] o.s.c.g.r.RouteDefinitionRouteLocator    : Loaded RoutePredicateFactory [Between]
2024-11-13T14:34:19.112+07:00  INFO 34380 --- [gateway-service] [           main] o.s.c.g.r.RouteDefinitionRouteLocator    : Loaded RoutePredicateFactory [Cookie]
2024-11-13T14:34:19.112+07:00  INFO 34380 --- [gateway-service] [           main] o.s.c.g.r.RouteDefinitionRouteLocator    : Loaded RoutePredicateFactory [Header]
2024-11-13T14:34:19.112+07:00  INFO 34380 --- [gateway-service] [           main] o.s.c.g.r.RouteDefinitionRouteLocator    : Loaded RoutePredicateFactory [Host]
2024-11-13T14:34:19.112+07:00  INFO 34380 --- [gateway-service] [           main] o.s.c.g.r.RouteDefinitionRouteLocator    : Loaded RoutePredicateFactory [Method]
2024-11-13T14:34:19.112+07:00  INFO 34380 --- [gateway-service] [           main] o.s.c.g.r.RouteDefinitionRouteLocator    : Loaded RoutePredicateFactory [Path]
2024-11-13T14:34:19.112+07:00  INFO 34380 --- [gateway-service] [           main] o.s.c.g.r.RouteDefinitionRouteLocator    : Loaded RoutePredicateFactory [Query]
2024-11-13T14:34:19.112+07:00  INFO 34380 --- [gateway-service] [           main] o.s.c.g.r.RouteDefinitionRouteLocator    : Loaded RoutePredicateFactory [ReadBody]
2024-11-13T14:34:19.112+07:00  INFO 34380 --- [gateway-service] [           main] o.s.c.g.r.RouteDefinitionRouteLocator    : Loaded RoutePredicateFactory [RemoteAddr]
2024-11-13T14:34:19.112+07:00  INFO 34380 --- [gateway-service] [           main] o.s.c.g.r.RouteDefinitionRouteLocator    : Loaded RoutePredicateFactory [XForwardedRemoteAddr]
2024-11-13T14:34:19.112+07:00  INFO 34380 --- [gateway-service] [           main] o.s.c.g.r.RouteDefinitionRouteLocator    : Loaded RoutePredicateFactory [Weight]
2024-11-13T14:34:19.112+07:00  INFO 34380 --- [gateway-service] [           main] o.s.c.g.r.RouteDefinitionRouteLocator    : Loaded RoutePredicateFactory [CloudFoundryRouteService]
2024-11-13T14:34:19.391+07:00  INFO 34380 --- [gateway-service] [           main] o.s.b.a.e.w.EndpointLinksResolver        : Exposing 1 endpoint beneath base path '/actuator'
2024-11-13T14:34:19.663+07:00  INFO 34380 --- [gateway-service] [           main] DiscoveryClientOptionalArgsConfiguration : Eureka HTTP Client uses RestTemplate.
2024-11-13T14:34:19.693+07:00  WARN 34380 --- [gateway-service] [           main] iguration$LoadBalancerCaffeineWarnLogger : Spring Cloud LoadBalancer is currently working with the default cache. While this cache implementation is useful for development and tests, it's recommended to use Caffeine cache in production.You can switch to using Caffeine cache, by adding it and org.springframework.cache.caffeine.CaffeineCacheManager to the classpath.
2024-11-13T14:34:19.728+07:00  INFO 34380 --- [gateway-service] [           main] o.s.c.n.e.InstanceInfoFactory            : Setting initial instance status as: STARTING
2024-11-13T14:34:19.755+07:00  INFO 34380 --- [gateway-service] [           main] c.n.d.DiscoveryClient                    : Initializing Eureka in region us-east-1
2024-11-13T14:34:19.760+07:00  INFO 34380 --- [gateway-service] [           main] c.n.d.s.r.a.ConfigClusterResolver        : Resolving eureka endpoints via configuration
2024-11-13T14:34:19.776+07:00  INFO 34380 --- [gateway-service] [           main] c.n.d.DiscoveryClient                    : Disable delta property : false
2024-11-13T14:34:19.777+07:00  INFO 34380 --- [gateway-service] [           main] c.n.d.DiscoveryClient                    : Single vip registry refresh property : null
2024-11-13T14:34:19.777+07:00  INFO 34380 --- [gateway-service] [           main] c.n.d.DiscoveryClient                    : Force full registry fetch : false
2024-11-13T14:34:19.777+07:00  INFO 34380 --- [gateway-service] [           main] c.n.d.DiscoveryClient                    : Application is null : false
2024-11-13T14:34:19.777+07:00  INFO 34380 --- [gateway-service] [           main] c.n.d.DiscoveryClient                    : Registered Applications size is zero : true
2024-11-13T14:34:19.777+07:00  INFO 34380 --- [gateway-service] [           main] c.n.d.DiscoveryClient                    : Application version is -1: true
2024-11-13T14:34:19.777+07:00  INFO 34380 --- [gateway-service] [           main] c.n.d.DiscoveryClient                    : Getting all instance registry info from the eureka server
2024-11-13T14:34:19.933+07:00  INFO 34380 --- [gateway-service] [           main] c.n.d.DiscoveryClient                    : The response status is 200
2024-11-13T14:34:19.935+07:00  INFO 34380 --- [gateway-service] [           main] c.n.d.DiscoveryClient                    : Starting heartbeat executor: renew interval is: 30
2024-11-13T14:34:19.937+07:00  INFO 34380 --- [gateway-service] [           main] c.n.d.InstanceInfoReplicator             : InstanceInfoReplicator onDemand update allowed rate per min is 24
2024-11-13T14:34:19.941+07:00  INFO 34380 --- [gateway-service] [           main] c.n.d.DiscoveryClient                    : Discovery Client initialized at timestamp 1731483259940 with initial instances count: 5
2024-11-13T14:34:19.942+07:00  INFO 34380 --- [gateway-service] [           main] o.s.c.n.e.s.EurekaServiceRegistry        : Registering application GATEWAY-SERVICE with eureka with status UP
2024-11-13T14:34:19.943+07:00  INFO 34380 --- [gateway-service] [           main] c.n.d.DiscoveryClient                    : Saw local status change event StatusChangeEvent [timestamp=1731483259942, current=UP, previous=STARTING]
2024-11-13T14:34:19.944+07:00  INFO 34380 --- [gateway-service] [nfoReplicator-0] c.n.d.DiscoveryClient                    : DiscoveryClient_GATEWAY-SERVICE/host.docker.internal:gateway-service:4040: registering service...
2024-11-13T14:34:19.976+07:00  INFO 34380 --- [gateway-service] [nfoReplicator-0] c.n.d.DiscoveryClient                    : DiscoveryClient_GATEWAY-SERVICE/host.docker.internal:gateway-service:4040 - registration status: 204
2024-11-13T14:34:19.995+07:00  INFO 34380 --- [gateway-service] [           main] o.s.g.GatewayServiceApplicationTests     : Started GatewayServiceApplicationTests in 3.56 seconds (process running for 4.405)
]]></system-out>
  </testcase>
</testsuite>