<?xml version="1.0" encoding="UTF-8"?>
<testsuite xmlns:xsi="http://www.w3.org/2001/XMLSchema-instance" xsi:noNamespaceSchemaLocation="https://maven.apache.org/surefire/maven-surefire-plugin/xsd/surefire-test-report-3.0.xsd" version="3.0" name="org.sangnk.eurekaservice.EurekaServiceApplicationTests" time="3.819" tests="1" errors="0" skipped="0" failures="0">
  <properties>
[...]
</properties>
  <testcase name="contextLoads" classname="org.sangnk.eurekaservice.EurekaServiceApplicationTests" time="0.807">
    <system-out><![CDATA[Standard Commons Logging discovery in action with spring-jcl: please remove commons-logging.jar from classpath in order to avoid potential conflicts
14:32:37.619 [main] INFO org.springframework.test.context.support.AnnotationConfigContextLoaderUtils -- Could not detect default configuration classes for test class [org.sangnk.eurekaservice.EurekaServiceApplicationTests]: EurekaServiceApplicationTests does not declare any static, non-private, non-final, nested classes annotated with @Configuration.
14:32:37.689 [main] INFO org.springframework.boot.test.context.SpringBootTestContextBootstrapper -- Found @SpringBootConfiguration org.sangnk.eurekaservice.EurekaServiceApplication for test class org.sangnk.eurekaservice.EurekaServiceApplicationTests

  .   ____          _            __ _ _
 /\\ / ___'_ __ _ _(_)_ __  __ _ \ \ \ \
( ( )\___ | '_ | '_| | '_ \/ _` | \ \ \ \
 \\/  ___)| |_)| | | | | || (_| |  ) ) ) )
  '  |____| .__|_| |_|_| |_\__, | / / / /
 =========|_|==============|___/=/_/_/_/

 :: Spring Boot ::                (v3.3.3)

2024-11-13T14:32:38.073+07:00  INFO 11616 --- [eureka-service] [           main] o.s.e.EurekaServiceApplicationTests      : Starting EurekaServiceApplicationTests using Java 17.0.7 with PID 11616 (started by pc in C:\project\java_tool\grpc_microservice\eureka-service)
2024-11-13T14:32:38.074+07:00  INFO 11616 --- [eureka-service] [           main] o.s.e.EurekaServiceApplicationTests      : No active profile set, falling back to 1 default profile: "default"
2024-11-13T14:32:38.876+07:00  INFO 11616 --- [eureka-service] [           main] o.s.cloud.context.scope.GenericScope     : BeanFactory id=77eaed4d-5805-3dca-9236-5e3735731aee
2024-11-13T14:32:38.933+07:00  WARN 11616 --- [eureka-service] [           main] trationDelegate$BeanPostProcessorChecker : Bean 'org.springframework.cloud.client.loadbalancer.LoadBalancerAutoConfiguration$DeferringLoadBalancerInterceptorConfig' of type [org.springframework.cloud.client.loadbalancer.LoadBalancerAutoConfiguration$DeferringLoadBalancerInterceptorConfig] is not eligible for getting processed by all BeanPostProcessors (for example: not eligible for auto-proxying). The currently created BeanPostProcessor [lbRestClientPostProcessor] is declared through a non-static factory method on that class; consider declaring it as static instead.
2024-11-13T14:32:38.935+07:00  WARN 11616 --- [eureka-service] [           main] trationDelegate$BeanPostProcessorChecker : Bean 'deferringLoadBalancerInterceptor' of type [org.springframework.cloud.client.loadbalancer.DeferringLoadBalancerInterceptor] is not eligible for getting processed by all BeanPostProcessors (for example: not eligible for auto-proxying). Is this bean getting eagerly injected into a currently created BeanPostProcessor [lbRestClientPostProcessor]? Check the corresponding BeanPostProcessor declaration and its dependencies.
2024-11-13T14:32:39.915+07:00  WARN 11616 --- [eureka-service] [           main] iguration$LoadBalancerCaffeineWarnLogger : Spring Cloud LoadBalancer is currently working with the default cache. While this cache implementation is useful for development and tests, it's recommended to use Caffeine cache in production.You can switch to using Caffeine cache, by adding it and org.springframework.cache.caffeine.CaffeineCacheManager to the classpath.
2024-11-13T14:32:40.065+07:00  INFO 11616 --- [eureka-service] [           main] o.s.c.n.eureka.InstanceInfoFactory       : Setting initial instance status as: STARTING
2024-11-13T14:32:40.091+07:00  INFO 11616 --- [eureka-service] [           main] com.netflix.discovery.DiscoveryClient    : Initializing Eureka in region us-east-1
2024-11-13T14:32:40.092+07:00  INFO 11616 --- [eureka-service] [           main] com.netflix.discovery.DiscoveryClient    : Client configured to neither register nor query for data.
2024-11-13T14:32:40.100+07:00  INFO 11616 --- [eureka-service] [           main] com.netflix.discovery.DiscoveryClient    : Discovery Client initialized at timestamp 1731483160098 with initial instances count: 0
2024-11-13T14:32:40.135+07:00  INFO 11616 --- [eureka-service] [           main] c.n.eureka.DefaultEurekaServerContext    : Initializing ...
2024-11-13T14:32:40.138+07:00  INFO 11616 --- [eureka-service] [           main] c.n.eureka.cluster.PeerEurekaNodes       : Adding new peer nodes [http://localhost:8761/eureka/]
2024-11-13T14:32:40.272+07:00  INFO 11616 --- [eureka-service] [           main] c.n.d.provider.DiscoveryJerseyProvider   : Using JSON encoding codec LegacyJacksonJson
2024-11-13T14:32:40.272+07:00  INFO 11616 --- [eureka-service] [           main] c.n.d.provider.DiscoveryJerseyProvider   : Using JSON decoding codec LegacyJacksonJson
2024-11-13T14:32:40.273+07:00  INFO 11616 --- [eureka-service] [           main] c.n.d.provider.DiscoveryJerseyProvider   : Using XML encoding codec XStreamXml
2024-11-13T14:32:40.273+07:00  INFO 11616 --- [eureka-service] [           main] c.n.d.provider.DiscoveryJerseyProvider   : Using XML decoding codec XStreamXml
2024-11-13T14:32:40.343+07:00  INFO 11616 --- [eureka-service] [           main] c.n.eureka.cluster.PeerEurekaNodes       : Replica node URL:  http://localhost:8761/eureka/
2024-11-13T14:32:40.349+07:00  INFO 11616 --- [eureka-service] [           main] c.n.e.registry.AbstractInstanceRegistry  : Finished initializing remote region registries. All known remote regions: []
2024-11-13T14:32:40.349+07:00  INFO 11616 --- [eureka-service] [           main] c.n.eureka.DefaultEurekaServerContext    : Initialized
2024-11-13T14:32:40.418+07:00  INFO 11616 --- [eureka-service] [           main] o.s.b.a.e.web.EndpointLinksResolver      : Exposing 1 endpoint beneath base path '/actuator'
2024-11-13T14:32:40.471+07:00  INFO 11616 --- [eureka-service] [           main] o.s.c.n.e.s.EurekaServiceRegistry        : Registering application EUREKA-SERVICE with eureka with status UP
2024-11-13T14:32:40.486+07:00  INFO 11616 --- [eureka-service] [      Thread-10] o.s.c.n.e.server.EurekaServerBootstrap   : isAws returned false
2024-11-13T14:32:40.487+07:00  INFO 11616 --- [eureka-service] [      Thread-10] o.s.c.n.e.server.EurekaServerBootstrap   : Initialized server context
2024-11-13T14:32:40.487+07:00  INFO 11616 --- [eureka-service] [      Thread-10] c.n.e.r.PeerAwareInstanceRegistryImpl    : Got 1 instances from neighboring DS node
2024-11-13T14:32:40.487+07:00  INFO 11616 --- [eureka-service] [      Thread-10] c.n.e.r.PeerAwareInstanceRegistryImpl    : Renew threshold is: 1
2024-11-13T14:32:40.487+07:00  INFO 11616 --- [eureka-service] [      Thread-10] c.n.e.r.PeerAwareInstanceRegistryImpl    : Changing status to UP
2024-11-13T14:32:40.488+07:00  INFO 11616 --- [eureka-service] [           main] o.s.e.EurekaServiceApplicationTests      : Started EurekaServiceApplicationTests in 2.687 seconds (process running for 3.317)
2024-11-13T14:32:40.496+07:00  INFO 11616 --- [eureka-service] [      Thread-10] e.s.EurekaServerInitializerConfiguration : Started Eureka Server
]]></system-out>
  </testcase>
</testsuite>